<?xml version="1.0" encoding="UTF-8"?>
<!-- Generated by org.testng.reporters.JUnitReportReporter -->
<testsuite hostname="DESKTOP-0UN5JO6" failures="0" tests="1" name="com.iciciprunew.qa.testcases.LoginTest" time="33.180" errors="0" timestamp="2024-03-16T15:44:51 IST" skipped="0">
  <testcase classname="com.iciciprunew.qa.testcases.LoginTest" name="Login" time="33.180"/>
</testsuite> <!-- com.iciciprunew.qa.testcases.LoginTest -->
