<?xml version="1.0" encoding="UTF-8"?>
<!-- Generated by org.testng.reporters.JUnitReportReporter -->
<testsuite hostname="DESKTOP-0UN5JO6" failures="0" tests="1" name="com.iciciprunew.qa.testcases.TransactionTest" time="95.864" errors="0" timestamp="2024-03-14T15:12:30 IST" skipped="0">
  <testcase classname="com.iciciprunew.qa.testcases.TransactionTest" name="RedeemTrxn" time="95.864"/>
</testsuite> <!-- com.iciciprunew.qa.testcases.TransactionTest -->
