<?xml version="1.0" encoding="UTF-8"?>
<!-- Generated by org.testng.reporters.JUnitReportReporter -->
<testsuite hostname="DESKTOP-0UN5JO6" failures="0" tests="1" name="com.iciciprunew.qa.testcases.TransactionTest" time="93.260" errors="0" timestamp="2024-03-06T23:13:03 IST" skipped="0">
  <testcase classname="com.iciciprunew.qa.testcases.TransactionTest" name="Purchase" time="93.260"/>
</testsuite> <!-- com.iciciprunew.qa.testcases.TransactionTest -->
